<?xml version="1.0" encoding="UTF-8"?>
<!-- Generated by org.testng.reporters.JUnitXMLReporter -->
<testsuite hostname="LAPTOP-HG6F6UH3" ignored="0" name="Default test" tests="5" failures="0" timestamp="11 Apr 2019 02:37:59 GMT" time="79.299" errors="0">
  <testcase name="verifyPropertySalePageheadingTest" time="0.056" classname="com.zoopla.qa.testcases.PropertyPageTest"/>
  <testcase name="agentLogoTest" time="0.075" classname="com.zoopla.qa.testcases.PropertyPageTest"/>
  <testcase name="agentNameTest" time="0.055" classname="com.zoopla.qa.testcases.PropertyPageTest"/>
  <testcase name="agentPhoneTest" time="0.099" classname="com.zoopla.qa.testcases.PropertyPageTest"/>
  <testcase name="propertyAgentLabelTest" time="2.788" classname="com.zoopla.qa.testcases.PropertyPageTest"/>
</testsuite> <!-- Default test -->
