<?xml version="1.0" encoding="UTF-8"?>
<!-- Generated by org.testng.reporters.JUnitXMLReporter -->
<testsuite hostname="LAPTOP-HG6F6UH3" ignored="1" name="Default test" tests="1" failures="0" timestamp="10 Apr 2019 02:28:23 GMT" time="17.419" errors="0">
  <testcase name="priceCountTest" time="3.585" classname="com.zoopla.qa.testcases.LondonSalePageTest"/>
  <testcase name="verifyLondonSalePageheadingTest" time="0.0" classname="com.zoopla.qa.testcases.LondonSalePageTest">
    <ignored/>
  </testcase> <!-- verifyLondonSalePageheadingTest -->
</testsuite> <!-- Default test -->
