<?xml version="1.0" encoding="UTF-8"?>
<testng-results skipped="0" failed="0" ignored="1" total="2" passed="1">
  <reporter-output>
  </reporter-output>
  <suite name="Default suite" duration-ms="17419" started-at="2019-04-10T02:28:05Z" finished-at="2019-04-10T02:28:23Z">
    <groups>
    </groups>
    <test name="Default test" duration-ms="17419" started-at="2019-04-10T02:28:05Z" finished-at="2019-04-10T02:28:23Z">
      <class name="com.zoopla.qa.testcases.LondonSalePageTest">
        <test-method status="PASS" signature="setUp()[pri:0, instance:com.zoopla.qa.testcases.LondonSalePageTest@f6c48ac]" name="setUp" is-config="true" duration-ms="13787" started-at="2019-04-10T02:28:05Z" finished-at="2019-04-10T02:28:19Z">
          <reporter-output>
          </reporter-output>
        </test-method> <!-- setUp -->
        <test-method status="PASS" signature="priceCountTest()[pri:2, instance:com.zoopla.qa.testcases.LondonSalePageTest@f6c48ac]" name="priceCountTest" duration-ms="3585" started-at="2019-04-10T02:28:19Z" finished-at="2019-04-10T02:28:23Z">
          <reporter-output>
          </reporter-output>
        </test-method> <!-- priceCountTest -->
      </class> <!-- com.zoopla.qa.testcases.LondonSalePageTest -->
    </test> <!-- Default test -->
  </suite> <!-- Default suite -->
</testng-results>
